# JRE version: OpenJDK Runtime Environment (11.0.15) (build 11.0.15+0-b2043.56-9505619)
# Java VM: OpenJDK 64-Bit Server VM (11.0.15+0-b2043.56-9505619, mixed mode, tiered, compressed oops, g1 gc, windows-amd64)
Heap:
 garbage-first heap   total 1027072K, used 307712K [0x0000000080000000, 0x0000000100000000)
  region size 1024K, 7 young (7168K), 7 survivors (7168K)
 Metaspace       used 97460K, capacity 100233K, committed 100636K, reserved 1136640K
  class space    used 12839K, capacity 13845K, committed 13976K, reserved 1048576K
GC Heap History (20 events):
Event: 50.191 GC heap after
{Heap after GC invocations=87 (full 0):
 garbage-first heap   total 216064K, used 191409K [0x0000000080000000, 0x0000000100000000)
  region size 1024K, 2 young (2048K), 2 survivors (2048K)
 Metaspace       used 94486K, capacity 97122K, committed 97180K, reserved 1132544K
  class space    used 12304K, capacity 13303K, committed 13336K, reserved 1048576K
}
Event: 50.222 GC heap before
{Heap before GC invocations=87 (full 0):
 garbage-first heap   total 216064K, used 199601K [0x0000000080000000, 0x0000000100000000)
  region size 1024K, 10 young (10240K), 2 survivors (2048K)
 Metaspace       used 94486K, capacity 97122K, committed 97180K, reserved 1132544K
  class space    used 12304K, capacity 13303K, committed 13336K, reserved 1048576K
}
Event: 50.231 GC heap after
{Heap after GC invocations=88 (full 0):
 garbage-first heap   total 216064K, used 195048K [0x0000000080000000, 0x0000000100000000)
  region size 1024K, 2 young (2048K), 2 survivors (2048K)
 Metaspace       used 94486K, capacity 97122K, committed 97180K, reserved 1132544K
  class space    used 12304K, capacity 13303K, committed 13336K, reserved 1048576K
}
Event: 50.245 GC heap before
{Heap before GC invocations=89 (full 0):
 garbage-first heap   total 216064K, used 197096K [0x0000000080000000, 0x0000000100000000)
  region size 1024K, 5 young (5120K), 2 survivors (2048K)
 Metaspace       used 94486K, capacity 97122K, committed 97180K, reserved 1132544K
  class space    used 12304K, capacity 13303K, committed 13336K, reserved 1048576K
}
Event: 50.252 GC heap after
{Heap after GC invocations=90 (full 0):
 garbage-first heap   total 216064K, used 196799K [0x0000000080000000, 0x0000000100000000)
  region size 1024K, 2 young (2048K), 2 survivors (2048K)
 Metaspace       used 94486K, capacity 97122K, committed 97180K, reserved 1132544K
  class space    used 12304K, capacity 13303K, committed 13336K, reserved 1048576K
}
Event: 50.305 GC heap before
{Heap before GC invocations=90 (full 0):
 garbage-first heap   total 216064K, used 208063K [0x0000000080000000, 0x0000000100000000)
  region size 1024K, 10 young (10240K), 2 survivors (2048K)
 Metaspace       used 94486K, capacity 97122K, committed 97180K, reserved 1132544K
  class space    used 12304K, capacity 13303K, committed 13336K, reserved 1048576K
}
Event: 50.315 GC heap after
{Heap after GC invocations=91 (full 0):
 garbage-first heap   total 216064K, used 204961K [0x0000000080000000, 0x0000000100000000)
  region size 1024K, 2 young (2048K), 2 survivors (2048K)
 Metaspace       used 94486K, capacity 97122K, committed 97180K, reserved 1132544K
  class space    used 12304K, capacity 13303K, committed 13336K, reserved 1048576K
}
Event: 50.344 GC heap before
{Heap before GC invocations=91 (full 0):
 garbage-first heap   total 216064K, used 212129K [0x0000000080000000, 0x0000000100000000)
  region size 1024K, 10 young (10240K), 2 survivors (2048K)
 Metaspace       used 94486K, capacity 97122K, committed 97180K, reserved 1132544K
  class space    used 12304K, capacity 13303K, committed 13336K, reserved 1048576K
}
Event: 50.353 GC heap after
{Heap after GC invocations=92 (full 0):
 garbage-first heap   total 219136K, used 208525K [0x0000000080000000, 0x0000000100000000)
  region size 1024K, 2 young (2048K), 2 survivors (2048K)
 Metaspace       used 94486K, capacity 97122K, committed 97180K, reserved 1132544K
  class space    used 12304K, capacity 13303K, committed 13336K, reserved 1048576K
}
Event: 50.681 GC heap before
{Heap before GC invocations=93 (full 0):
 garbage-first heap   total 219136K, used 216717K [0x0000000080000000, 0x0000000100000000)
  region size 1024K, 10 young (10240K), 2 survivors (2048K)
 Metaspace       used 95187K, capacity 97972K, committed 98204K, reserved 1134592K
  class space    used 12420K, capacity 13447K, committed 13592K, reserved 1048576K
}
Event: 50.693 GC heap after
{Heap after GC invocations=94 (full 0):
 garbage-first heap   total 221184K, used 210527K [0x0000000080000000, 0x0000000100000000)
  region size 1024K, 2 young (2048K), 2 survivors (2048K)
 Metaspace       used 95187K, capacity 97972K, committed 98204K, reserved 1134592K
  class space    used 12420K, capacity 13447K, committed 13592K, reserved 1048576K
}
Event: 50.974 GC heap before
{Heap before GC invocations=94 (full 0):
 garbage-first heap   total 221184K, used 218719K [0x0000000080000000, 0x0000000100000000)
  region size 1024K, 10 young (10240K), 2 survivors (2048K)
 Metaspace       used 96385K, capacity 99138K, committed 99228K, reserved 1134592K
  class space    used 12764K, capacity 13794K, committed 13848K, reserved 1048576K
}
Event: 50.985 GC heap after
{Heap after GC invocations=95 (full 0):
 garbage-first heap   total 444416K, used 211483K [0x0000000080000000, 0x0000000100000000)
  region size 1024K, 1 young (1024K), 1 survivors (1024K)
 Metaspace       used 96385K, capacity 99138K, committed 99228K, reserved 1134592K
  class space    used 12764K, capacity 13794K, committed 13848K, reserved 1048576K
}
Event: 51.337 GC heap before
{Heap before GC invocations=95 (full 0):
 garbage-first heap   total 444416K, used 272923K [0x0000000080000000, 0x0000000100000000)
  region size 1024K, 61 young (62464K), 1 survivors (1024K)
 Metaspace       used 97371K, capacity 100147K, committed 100380K, reserved 1136640K
  class space    used 12852K, capacity 13894K, committed 13976K, reserved 1048576K
}
Event: 51.408 GC heap after
{Heap after GC invocations=96 (full 0):
 garbage-first heap   total 444416K, used 239034K [0x0000000080000000, 0x0000000100000000)
  region size 1024K, 8 young (8192K), 8 survivors (8192K)
 Metaspace       used 97371K, capacity 100147K, committed 100380K, reserved 1136640K
  class space    used 12852K, capacity 13894K, committed 13976K, reserved 1048576K
}
Event: 51.758 GC heap before
{Heap before GC invocations=96 (full 0):
 garbage-first heap   total 444416K, used 294330K [0x0000000080000000, 0x0000000100000000)
  region size 1024K, 64 young (65536K), 8 survivors (8192K)
 Metaspace       used 97368K, capacity 100089K, committed 100380K, reserved 1136640K
  class space    used 12822K, capacity 13840K, committed 13976K, reserved 1048576K
}
Event: 51.806 GC heap after
{Heap after GC invocations=97 (full 0):
 garbage-first heap   total 444416K, used 266997K [0x0000000080000000, 0x0000000100000000)
  region size 1024K, 8 young (8192K), 8 survivors (8192K)
 Metaspace       used 97368K, capacity 100089K, committed 100380K, reserved 1136640K
  class space    used 12822K, capacity 13840K, committed 13976K, reserved 1048576K
}
Event: 52.007 GC heap before
{Heap before GC invocations=98 (full 0):
 garbage-first heap   total 444416K, used 317173K [0x0000000080000000, 0x0000000100000000)
  region size 1024K, 57 young (58368K), 8 survivors (8192K)
 Metaspace       used 97437K, capacity 100163K, committed 100380K, reserved 1136640K
  class space    used 12838K, capacity 13843K, committed 13976K, reserved 1048576K
}
Event: 52.039 GC heap after
{Heap after GC invocations=99 (full 0):
 garbage-first heap   total 444416K, used 291328K [0x0000000080000000, 0x0000000100000000)
  region size 1024K, 8 young (8192K), 8 survivors (8192K)
 Metaspace       used 97437K, capacity 100163K, committed 100380K, reserved 1136640K
  class space    used 12838K, capacity 13843K, committed 13976K, reserved 1048576K
}
Event: 52.112 GC heap before
{Heap before GC invocations=99 (full 0):
 garbage-first heap   total 444416K, used 333312K [0x0000000080000000, 0x0000000100000000)
  region size 1024K, 50 young (51200K), 8 survivors (8192K)
 Metaspace       used 97460K, capacity 100233K, committed 100636K, reserved 1136640K
  class space    used 12839K, capacity 13845K, committed 13976K, reserved 1048576K
}

